********************************************************************************
DUPLICATOR-LITE PACKAGE-LOG: 2017-05-02 18:57:58
NOTICE: Do NOT post to public sites or forums 
********************************************************************************
VERSION:	1.2.6
WORDPRESS:	4.7.4
PHP INFO:	7.1.1 | SAPI: apache2handler
SERVER:		Apache/2.4.25 (Win32) OpenSSL/1.0.2j PHP/7.1.1 
PHP TIME LIMIT: (0) no time limit imposed 
PHP MAX MEMORY: 2048M (128M default) 
MEMORY STACK: 4MB 

********************************************************************************
DATABASE:
********************************************************************************
BUILD MODE:   PHP(query limit - 100)
MYSQLTIMEOUT: 5000
MYSQLDUMP:    Is Supported 
TABLES: total:31 | filtered:0 | create:31 
FILTERED: [] 
SQL CREATED: 20170502_pcmasterrace_6666c129c79159458323170502185750_database.sql 
SQL FILE SIZE: 1.01MB (1056998) 
SQL FILE TIME: 2017-05-02 18:57:59 
SQL RUNTIME: 0.18 sec. 

******************************************************************************** 
ARCHIVE (ZIP): 
******************************************************************************** 
ARCHIVE DIR:  C:/xampp/htdocs/GCM/wordpress 
ARCHIVE FILE: 20170502_pcmasterrace_6666c129c79159458323170502185750_archive.zip 
FILTERS: *OFF* 
DIRS: not set 
EXTS:  not set 
---------------------------------------- 
COMPRESSING 
SIZE:	61.71MB 
STATS:	Dirs 501 | Files 4,218 
SQL ADDED: 20170502_pcmasterrace_6666c129c79159458323170502185750_database.sql 
ZipArchive Object
(
    [status] => 0
    [statusSys] => 0
    [numFiles] => 4719
    [filename] => C:\xampp\htdocs\GCM\wordpress\wp-snapshots\tmp\20170502_pcmasterrace_6666c129c79159458323170502185750_archive.zip
    [comment] => 
)
 
COMPRESSION RESULT: '1' 
COMPRESSED SIZE: 26.25MB 
ARCHIVE RUNTIME: 13.42 sec. 
MEMORY STACK: 6MB 

******************************************************************************** 
MAKE INSTALLER: 
******************************************************************************** 
Build Start 
Build Finished 
Preping for use 
Template parsed with new data 
Complete [C:/xampp/htdocs/GCM/wordpress/wp-snapshots/tmp/20170502_pcmasterrace_6666c129c79159458323170502185750_installer.php] 
Added to archive 

******************************************************************************** 
INTEGRITY CHECKS: 
******************************************************************************** 
SQL File: 1.01MB 
Installer File: 422.1KB 
Archive File: 26.25MB  

********************************************************************************
RECORD ID:[2]
TOTAL PROCESS RUNTIME: 17.78 sec.
PEAK PHP MEMORY USED: 8MB
DONE PROCESSING => 20170502_pcmasterrace 2017-05-02 18:58:16
 
