********************************************************************************
DUPLICATOR-LITE PACKAGE-LOG: 2017-05-02 10:06:17
NOTICE: Do NOT post to public sites or forums 
********************************************************************************
VERSION:	1.2.6
WORDPRESS:	4.7.4
PHP INFO:	7.1.1 | SAPI: apache2handler
SERVER:		Apache/2.4.25 (Win32) OpenSSL/1.0.2j PHP/7.1.1 
PHP TIME LIMIT: (0) no time limit imposed 
PHP MAX MEMORY: 2048M (128M default) 
MEMORY STACK: 26MB 

********************************************************************************
DATABASE:
********************************************************************************
BUILD MODE:   PHP(query limit - 100)
MYSQLTIMEOUT: 5000
MYSQLDUMP:    Is Supported 
TABLES: total:29 | filtered:0 | create:29 
FILTERED: [] 
SQL CREATED: 20170502_pcmasterrace_cbb8a8d5bb94506c5220170502100600_database.sql 
SQL FILE SIZE: 961.36KB (984435) 
SQL FILE TIME: 2017-05-02 10:06:18 
SQL RUNTIME: 0.18 sec. 

******************************************************************************** 
ARCHIVE (ZIP): 
******************************************************************************** 
ARCHIVE DIR:  C:/xampp/htdocs/GCM/wordpress 
ARCHIVE FILE: 20170502_pcmasterrace_cbb8a8d5bb94506c5220170502100600_archive.zip 
FILTERS: *OFF* 
DIRS: not set 
EXTS:  not set 
---------------------------------------- 
COMPRESSING 
SIZE:	59.24MB 
STATS:	Dirs 474 | Files 4,091 
SQL ADDED: 20170502_pcmasterrace_cbb8a8d5bb94506c5220170502100600_database.sql 
ZipArchive Object
(
    [status] => 0
    [statusSys] => 0
    [numFiles] => 4565
    [filename] => C:\xampp\htdocs\GCM\wordpress\wp-snapshots\tmp\20170502_pcmasterrace_cbb8a8d5bb94506c5220170502100600_archive.zip
    [comment] => 
)
 
COMPRESSION RESULT: '1' 
COMPRESSED SIZE: 25.23MB 
ARCHIVE RUNTIME: 8.36 sec. 
MEMORY STACK: 28MB 

******************************************************************************** 
MAKE INSTALLER: 
******************************************************************************** 
Build Start 
Build Finished 
Preping for use 
Template parsed with new data 
Complete [C:/xampp/htdocs/GCM/wordpress/wp-snapshots/tmp/20170502_pcmasterrace_cbb8a8d5bb94506c5220170502100600_installer.php] 
Added to archive 

******************************************************************************** 
INTEGRITY CHECKS: 
******************************************************************************** 
SQL File: 961.36KB 
Installer File: 422.1KB 
Archive File: 25.23MB  

********************************************************************************
RECORD ID:[1]
TOTAL PROCESS RUNTIME: 14.01 sec.
PEAK PHP MEMORY USED: 28MB
DONE PROCESSING => 20170502_pcmasterrace 2017-05-02 10:06:31
 
